graph [
  node [
    id 0
    label 15
  ]
  node [
    id 1
    label 17
  ]
  node [
    id 2
    label 19
  ]
  node [
    id 3
    label 6
  ]
  node [
    id 4
    label 12
  ]
  node [
    id 5
    label 13
  ]
  node [
    id 6
    label 24
  ]
  node [
    id 7
    label 11
  ]
  node [
    id 8
    label 44
  ]
  node [
    id 9
    label 51
  ]
  node [
    id 10
    label 8
  ]
  node [
    id 11
    label 21
  ]
  node [
    id 12
    label 9
  ]
  node [
    id 13
    label 45
  ]
  node [
    id 14
    label 52
  ]
  node [
    id 15
    label 54
  ]
  node [
    id 16
    label 7
  ]
  node [
    id 17
    label 36
  ]
  node [
    id 18
    label 41
  ]
  node [
    id 19
    label 37
  ]
  node [
    id 20
    label 38
  ]
  node [
    id 21
    label 48
  ]
  node [
    id 22
    label 29
  ]
  node [
    id 23
    label 47
  ]
  node [
    id 24
    label 30
  ]
  node [
    id 25
    label 46
  ]
  node [
    id 26
    label 31
  ]
  node [
    id 27
    label 39
  ]
  node [
    id 28
    label 40
  ]
  node [
    id 29
    label 53
  ]
  node [
    id 30
    label 32
  ]
  node [
    id 31
    label 50
  ]
  node [
    id 32
    label 33
  ]
  node [
    id 33
    label 34
  ]
  node [
    id 34
    label 14
  ]
  node [
    id 35
    label 16
  ]
  node [
    id 36
    label 18
  ]
  node [
    id 37
    label 27
  ]
  node [
    id 38
    label 26
  ]
  edge [
    source 0
    target 1
    weight 5
      idenifiers "append"
      idenifiers "x"
      idenifiers "x"
      idenifiers "x"
      idenifiers "x"
  ]
  edge [
    source 0
    target 2
    weight 5
      idenifiers "append"
      idenifiers "x"
      idenifiers "x"
      idenifiers "x"
      idenifiers "x"
  ]
  edge [
    source 0
    target 16
    weight 2
      idenifiers "less"
      idenifiers "less"
  ]
  edge [
    source 0
    target 0
    weight 2
      idenifiers "less"
      idenifiers "x"
  ]
  edge [
    source 0
    target 11
    weight 4
      idenifiers "less"
      idenifiers "less"
      idenifiers "less"
      idenifiers "less"
  ]
  edge [
    source 0
    target 34
    weight 2
      idenifiers "x"
      idenifiers "x"
  ]
  edge [
    source 0
    target 35
    weight 2
      idenifiers "x"
      idenifiers "x"
  ]
  edge [
    source 0
    target 36
    weight 2
      idenifiers "x"
      idenifiers "x"
  ]
  edge [
    source 0
    target 5
    weight 2
      idenifiers "x"
      idenifiers "x"
  ]
  edge [
    source 0
    target 13
    weight 4
      idenifiers "x"
      idenifiers "x"
      idenifiers "x"
      idenifiers "x"
  ]
  edge [
    source 0
    target 8
    weight 2
      idenifiers "x"
      idenifiers "x"
  ]
  edge [
    source 1
    target 2
    weight 5
      idenifiers "append"
      idenifiers "x"
      idenifiers "x"
      idenifiers "x"
      idenifiers "x"
  ]
  edge [
    source 1
    target 10
    weight 2
      idenifiers "equal"
      idenifiers "equal"
  ]
  edge [
    source 1
    target 1
    weight 2
      idenifiers "equal"
      idenifiers "x"
  ]
  edge [
    source 1
    target 11
    weight 2
      idenifiers "equal"
      idenifiers "equal"
  ]
  edge [
    source 1
    target 34
    weight 2
      idenifiers "x"
      idenifiers "x"
  ]
  edge [
    source 1
    target 35
    weight 2
      idenifiers "x"
      idenifiers "x"
  ]
  edge [
    source 1
    target 36
    weight 2
      idenifiers "x"
      idenifiers "x"
  ]
  edge [
    source 1
    target 5
    weight 2
      idenifiers "x"
      idenifiers "x"
  ]
  edge [
    source 1
    target 13
    weight 4
      idenifiers "x"
      idenifiers "x"
      idenifiers "x"
      idenifiers "x"
  ]
  edge [
    source 1
    target 8
    weight 2
      idenifiers "x"
      idenifiers "x"
  ]
  edge [
    source 2
    target 12
    weight 2
      idenifiers "greater"
      idenifiers "greater"
  ]
  edge [
    source 2
    target 2
    weight 2
      idenifiers "greater"
      idenifiers "x"
  ]
  edge [
    source 2
    target 11
    weight 4
      idenifiers "greater"
      idenifiers "greater"
      idenifiers "greater"
      idenifiers "greater"
  ]
  edge [
    source 2
    target 34
    weight 2
      idenifiers "x"
      idenifiers "x"
  ]
  edge [
    source 2
    target 35
    weight 2
      idenifiers "x"
      idenifiers "x"
  ]
  edge [
    source 2
    target 36
    weight 2
      idenifiers "x"
      idenifiers "x"
  ]
  edge [
    source 2
    target 5
    weight 2
      idenifiers "x"
      idenifiers "x"
  ]
  edge [
    source 2
    target 13
    weight 4
      idenifiers "x"
      idenifiers "x"
      idenifiers "x"
      idenifiers "x"
  ]
  edge [
    source 2
    target 8
    weight 2
      idenifiers "x"
      idenifiers "x"
  ]
  edge [
    source 3
    target 4
    weight 1
      idenifiers "array"
  ]
  edge [
    source 3
    target 5
    weight 1
      idenifiers "array"
  ]
  edge [
    source 3
    target 6
    weight 1
      idenifiers "array"
  ]
  edge [
    source 3
    target 7
    weight 2
      idenifiers "array"
      idenifiers "array"
  ]
  edge [
    source 3
    target 11
    weight 2
      idenifiers "sort"
      idenifiers "sort"
  ]
  edge [
    source 3
    target 38
    weight 1
      idenifiers "sort"
  ]
  edge [
    source 3
    target 21
    weight 1
      idenifiers "sort"
  ]
  edge [
    source 4
    target 5
    weight 1
      idenifiers "array"
  ]
  edge [
    source 4
    target 6
    weight 1
      idenifiers "array"
  ]
  edge [
    source 4
    target 7
    weight 2
      idenifiers "array"
      idenifiers "array"
  ]
  edge [
    source 4
    target 34
    weight 1
      idenifiers "pivot"
  ]
  edge [
    source 4
    target 35
    weight 1
      idenifiers "pivot"
  ]
  edge [
    source 4
    target 36
    weight 1
      idenifiers "pivot"
  ]
  edge [
    source 5
    target 6
    weight 1
      idenifiers "array"
  ]
  edge [
    source 5
    target 7
    weight 2
      idenifiers "array"
      idenifiers "array"
  ]
  edge [
    source 5
    target 34
    weight 1
      idenifiers "x"
  ]
  edge [
    source 5
    target 35
    weight 1
      idenifiers "x"
  ]
  edge [
    source 5
    target 36
    weight 1
      idenifiers "x"
  ]
  edge [
    source 5
    target 13
    weight 2
      idenifiers "x"
      idenifiers "x"
  ]
  edge [
    source 5
    target 8
    weight 1
      idenifiers "x"
  ]
  edge [
    source 6
    target 7
    weight 2
      idenifiers "array"
      idenifiers "array"
  ]
  edge [
    source 7
    target 7
    weight 1
      idenifiers "array"
  ]
  edge [
    source 8
    target 9
    weight 2
      idenifiers "enumerate"
      idenifiers "range"
  ]
  edge [
    source 8
    target 13
    weight 4
      idenifiers "i"
      idenifiers "i"
      idenifiers "x"
      idenifiers "x"
  ]
  edge [
    source 8
    target 19
    weight 2
      idenifiers "list2"
      idenifiers "list2"
  ]
  edge [
    source 8
    target 8
    weight 1
      idenifiers "list2"
  ]
  edge [
    source 8
    target 20
    weight 1
      idenifiers "range"
  ]
  edge [
    source 8
    target 34
    weight 1
      idenifiers "x"
  ]
  edge [
    source 8
    target 35
    weight 1
      idenifiers "x"
  ]
  edge [
    source 8
    target 36
    weight 1
      idenifiers "x"
  ]
  edge [
    source 9
    target 14
    weight 2
      idenifiers "j"
      idenifiers "j"
  ]
  edge [
    source 9
    target 15
    weight 1
      idenifiers "j"
  ]
  edge [
    source 9
    target 18
    weight 2
      idenifiers "other_list3"
      idenifiers "other_list3"
  ]
  edge [
    source 9
    target 29
    weight 4
      idenifiers "other_list3"
      idenifiers "other_list3"
      idenifiers "other_list3"
      idenifiers "other_list3"
  ]
  edge [
    source 9
    target 9
    weight 1
      idenifiers "other_list3"
  ]
  edge [
    source 9
    target 20
    weight 1
      idenifiers "range"
  ]
  edge [
    source 10
    target 11
    weight 1
      idenifiers "equal"
  ]
  edge [
    source 11
    target 12
    weight 2
      idenifiers "greater"
      idenifiers "greater"
  ]
  edge [
    source 11
    target 11
    weight 3
      idenifiers "greater"
      idenifiers "less"
      idenifiers "sort"
  ]
  edge [
    source 11
    target 16
    weight 2
      idenifiers "less"
      idenifiers "less"
  ]
  edge [
    source 11
    target 38
    weight 2
      idenifiers "sort"
      idenifiers "sort"
  ]
  edge [
    source 11
    target 21
    weight 2
      idenifiers "sort"
      idenifiers "sort"
  ]
  edge [
    source 13
    target 13
    weight 2
      idenifiers "i"
      idenifiers "x"
  ]
  edge [
    source 13
    target 37
    weight 1
      idenifiers "print"
  ]
  edge [
    source 13
    target 14
    weight 1
      idenifiers "print"
  ]
  edge [
    source 13
    target 34
    weight 2
      idenifiers "x"
      idenifiers "x"
  ]
  edge [
    source 13
    target 35
    weight 2
      idenifiers "x"
      idenifiers "x"
  ]
  edge [
    source 13
    target 36
    weight 2
      idenifiers "x"
      idenifiers "x"
  ]
  edge [
    source 14
    target 14
    weight 1
      idenifiers "j"
  ]
  edge [
    source 14
    target 15
    weight 2
      idenifiers "j"
      idenifiers "j"
  ]
  edge [
    source 14
    target 37
    weight 1
      idenifiers "print"
  ]
  edge [
    source 15
    target 32
    weight 1
      idenifiers "other_num2"
  ]
  edge [
    source 15
    target 31
    weight 1
      idenifiers "other_num2"
  ]
  edge [
    source 15
    target 33
    weight 1
      idenifiers "other_num3"
  ]
  edge [
    source 15
    target 18
    weight 1
      idenifiers "other_num3"
  ]
  edge [
    source 17
    target 18
    weight 1
      idenifiers "list1"
  ]
  edge [
    source 18
    target 27
    weight 1
      idenifiers "other_list1"
  ]
  edge [
    source 18
    target 29
    weight 2
      idenifiers "other_list3"
      idenifiers "other_list3"
  ]
  edge [
    source 18
    target 33
    weight 1
      idenifiers "other_num3"
  ]
  edge [
    source 20
    target 21
    weight 2
      idenifiers "list3"
      idenifiers "list3"
  ]
  edge [
    source 21
    target 21
    weight 1
      idenifiers "list3"
  ]
  edge [
    source 21
    target 38
    weight 1
      idenifiers "sort"
  ]
  edge [
    source 22
    target 23
    weight 1
      idenifiers "num1"
  ]
  edge [
    source 23
    target 24
    weight 1
      idenifiers "num2"
  ]
  edge [
    source 23
    target 25
    weight 1
      idenifiers "num2"
  ]
  edge [
    source 24
    target 25
    weight 1
      idenifiers "num2"
  ]
  edge [
    source 25
    target 26
    weight 1
      idenifiers "num3"
  ]
  edge [
    source 28
    target 29
    weight 2
      idenifiers "other_list2"
      idenifiers "other_list2"
  ]
  edge [
    source 29
    target 29
    weight 2
      idenifiers "other_list2"
      idenifiers "other_list3"
  ]
  edge [
    source 30
    target 31
    weight 2
      idenifiers "other_num1"
      idenifiers "other_num1"
  ]
  edge [
    source 31
    target 31
    weight 1
      idenifiers "other_num1"
  ]
  edge [
    source 31
    target 32
    weight 1
      idenifiers "other_num2"
  ]
  edge [
    source 34
    target 35
    weight 2
      idenifiers "pivot"
      idenifiers "x"
  ]
  edge [
    source 34
    target 36
    weight 2
      idenifiers "pivot"
      idenifiers "x"
  ]
  edge [
    source 35
    target 36
    weight 2
      idenifiers "pivot"
      idenifiers "x"
  ]
  edge [
    source 37
    target 38
    weight 2
      idenifiers "res"
      idenifiers "res"
  ]
  edge [
    source 37
    target 37
    weight 1
      idenifiers "res"
  ]
]
